<?xml version="1.0" encoding="UTF-8"?>
<!-- Generated by org.testng.reporters.JUnitReportReporter -->
<testsuite hostname="Kunal-PC" name="com.BangaloreFriend.Akhilesh" tests="1" failures="0" timestamp="28 Jan 2023 11:25:35 GMT" time="0.000" errors="0">
  <testcase name="created" time="0.000" classname="com.BangaloreFriend.Akhilesh"/>
</testsuite> <!-- com.BangaloreFriend.Akhilesh -->
