<?xml version="1.0" encoding="UTF-8"?>
<!-- Generated by org.testng.reporters.JUnitReportReporter -->
<testsuite hostname="Kunal-PC" name="com.BangaloreFriend.Command_Practice" tests="1" failures="0" timestamp="28 Jan 2023 10:26:55 GMT" time="0.006" errors="0">
  <testcase name="sample" time="0.006" classname="com.BangaloreFriend.Command_Practice"/>
</testsuite> <!-- com.BangaloreFriend.Command_Practice -->
