<?xml version="1.0" encoding="UTF-8"?>
<!-- Generated by org.testng.reporters.JUnitReportReporter -->
<testsuite hostname="Kunal-PC" name="com.BangaloreFriend.PracticeWith_amit" tests="1" failures="0" timestamp="28 Jan 2023 10:58:32 GMT" time="0.016" errors="0">
  <testcase name="concept" time="0.016" classname="com.BangaloreFriend.PracticeWith_amit"/>
</testsuite> <!-- com.BangaloreFriend.PracticeWith_amit -->
